[ 2018-11-30T08:37:10+08:00 ] ::1 /phpText/Tpt-Blog1.1/index.php
INFO: [ app_init ] --START--
INFO: Run Behavior\BuildLiteBehavior [ RunTime:0.000013s ]
INFO: [ app_init ] --END-- [ RunTime:0.002331s ]
INFO: [ app_begin ] --START--
INFO: Run Behavior\ReadHtmlCacheBehavior [ RunTime:0.005188s ]
INFO: [ app_begin ] --END-- [ RunTime:0.005286s ]
SQL: SHOW COLUMNS FROM `tpt_navtop` [ RunTime:0.0507s ]
SQL: SELECT * FROM `tpt_navtop` WHERE ( tid = 0 ) ORDER BY sort ASC  [ RunTime:0.0143s ]
SQL: SELECT * FROM `tpt_navtop` WHERE ( tid != 0 ) ORDER BY sort ASC  [ RunTime:0.0005s ]
SQL: SHOW COLUMNS FROM `tpt_article` [ RunTime:0.0341s ]
SQL: SELECT * FROM `tpt_article` WHERE `commend` = 1 AND `open` = 1 ORDER BY id DESC LIMIT 3   [ RunTime:0.0154s ]
SQL: SELECT * FROM `tpt_article` WHERE `choice` = 1 AND `open` = 1 ORDER BY id DESC LIMIT 5   [ RunTime:0.0004s ]
SQL: SHOW COLUMNS FROM `tpt_links` [ RunTime:0.0239s ]
SQL: SELECT * FROM `tpt_links`  [ RunTime:0.0004s ]
SQL: SHOW COLUMNS FROM `tpt_conf` [ RunTime:0.0135s ]
SQL: SELECT * FROM `tpt_conf` WHERE `id` = 1 LIMIT 1   [ RunTime:0.0005s ]
SQL: SHOW COLUMNS FROM `tpt_banner` [ RunTime:0.0324s ]
SQL: SELECT * FROM `tpt_banner` WHERE `id` = 1 LIMIT 1   [ RunTime:0.0004s ]
SQL: SHOW COLUMNS FROM `tpt_article` [ RunTime:0.0091s ]
SQL: SHOW COLUMNS FROM `tpt_category` [ RunTime:0.0273s ]
SQL: SELECT COUNT(*) AS tp_count FROM tpt_article article LEFT JOIN tpt_category category ON article.tid=category.id LIMIT 1   [ RunTime:0.0124s ]
SQL: SELECT article.id AS id,article.title AS title,article.author AS author,article.view AS view,article.description AS description,article.keywords AS keywords,article.pic AS pic,article.commend AS commend,article.choice AS choice,article.time AS time,article.open AS open,category.name AS name,category.type AS type FROM tpt_article article LEFT JOIN tpt_category category ON article.tid=category.id WHERE article.open = 1 ORDER BY article.id DESC LIMIT 0,15   [ RunTime:0.0006s ]
INFO: [ view_parse ] --START--
INFO: [ template_filter ] --START--
INFO: Run Behavior\ContentReplaceBehavior [ RunTime:0.000121s ]
INFO: [ template_filter ] --END-- [ RunTime:0.000171s ]
NOTIC: [8] Undefined index: title D:\XAMPP\htdocs\phpText\Tpt-Blog1.1\Runtime\Cache\Home\aa448f930e00a2c77d5751c6f186e91a.php 第 23 行.
NOTIC: [8] Use of undefined constant commend - assumed 'commend' D:\XAMPP\htdocs\phpText\Tpt-Blog1.1\Runtime\Cache\Home\aa448f930e00a2c77d5751c6f186e91a.php 第 90 行.
NOTIC: [8] Use of undefined constant pic - assumed 'pic' D:\XAMPP\htdocs\phpText\Tpt-Blog1.1\Runtime\Cache\Home\aa448f930e00a2c77d5751c6f186e91a.php 第 95 行.
NOTIC: [8] Use of undefined constant commend - assumed 'commend' D:\XAMPP\htdocs\phpText\Tpt-Blog1.1\Runtime\Cache\Home\aa448f930e00a2c77d5751c6f186e91a.php 第 90 行.
NOTIC: [8] Use of undefined constant pic - assumed 'pic' D:\XAMPP\htdocs\phpText\Tpt-Blog1.1\Runtime\Cache\Home\aa448f930e00a2c77d5751c6f186e91a.php 第 95 行.
NOTIC: [8] Use of undefined constant pic - assumed 'pic' D:\XAMPP\htdocs\phpText\Tpt-Blog1.1\Runtime\Cache\Home\aa448f930e00a2c77d5751c6f186e91a.php 第 142 行.
NOTIC: [8] Use of undefined constant pic - assumed 'pic' D:\XAMPP\htdocs\phpText\Tpt-Blog1.1\Runtime\Cache\Home\aa448f930e00a2c77d5751c6f186e91a.php 第 142 行.
INFO: Run Behavior\ParseTemplateBehavior [ RunTime:0.340579s ]
INFO: [ view_parse ] --END-- [ RunTime:0.340694s ]
INFO: [ view_filter ] --START--
INFO: Run Behavior\WriteHtmlCacheBehavior [ RunTime:0.002992s ]
INFO: [ view_filter ] --END-- [ RunTime:0.003043s ]
INFO: [ app_end ] --START--
INFO: Run Behavior\ShowPageTraceBehavior [ RunTime:0.026069s ]
INFO: [ app_end ] --END-- [ RunTime:0.026145s ]

[ 2018-11-30T08:46:54+08:00 ] ::1 /phpText/Tpt-Blog1.1/index.php
INFO: [ app_init ] --START--
INFO: Run Behavior\BuildLiteBehavior [ RunTime:0.000021s ]
INFO: [ app_init ] --END-- [ RunTime:0.001177s ]
INFO: [ app_begin ] --START--
INFO: Run Behavior\ReadHtmlCacheBehavior [ RunTime:0.001927s ]
INFO: [ app_begin ] --END-- [ RunTime:0.002056s ]
SQL: SHOW COLUMNS FROM `tpt_navtop` [ RunTime:0.0203s ]
SQL: SELECT * FROM `tpt_navtop` WHERE ( tid = 0 ) ORDER BY sort ASC  [ RunTime:0.0003s ]
SQL: SELECT * FROM `tpt_navtop` WHERE ( tid != 0 ) ORDER BY sort ASC  [ RunTime:0.0003s ]
SQL: SHOW COLUMNS FROM `tpt_article` [ RunTime:0.0128s ]
SQL: SELECT * FROM `tpt_article` WHERE `commend` = 1 AND `open` = 1 ORDER BY id DESC LIMIT 3   [ RunTime:0.0006s ]
SQL: SELECT * FROM `tpt_article` WHERE `choice` = 1 AND `open` = 1 ORDER BY id DESC LIMIT 5   [ RunTime:0.0003s ]
SQL: SHOW COLUMNS FROM `tpt_links` [ RunTime:0.0089s ]
SQL: SELECT * FROM `tpt_links`  [ RunTime:0.0002s ]
SQL: SHOW COLUMNS FROM `tpt_conf` [ RunTime:0.0188s ]
SQL: SELECT * FROM `tpt_conf` WHERE `id` = 1 LIMIT 1   [ RunTime:0.0003s ]
SQL: SHOW COLUMNS FROM `tpt_banner` [ RunTime:0.0432s ]
SQL: SELECT * FROM `tpt_banner` WHERE `id` = 1 LIMIT 1   [ RunTime:0.0003s ]
SQL: SHOW COLUMNS FROM `tpt_article` [ RunTime:0.0096s ]
SQL: SHOW COLUMNS FROM `tpt_category` [ RunTime:0.0065s ]
SQL: SELECT COUNT(*) AS tp_count FROM tpt_article article LEFT JOIN tpt_category category ON article.tid=category.id LIMIT 1   [ RunTime:0.0004s ]
SQL: SELECT article.id AS id,article.title AS title,article.author AS author,article.view AS view,article.description AS description,article.keywords AS keywords,article.pic AS pic,article.commend AS commend,article.choice AS choice,article.time AS time,article.open AS open,category.name AS name,category.type AS type FROM tpt_article article LEFT JOIN tpt_category category ON article.tid=category.id WHERE article.open = 1 ORDER BY article.id DESC LIMIT 0,15   [ RunTime:0.0019s ]
INFO: [ view_parse ] --START--
INFO: [ template_filter ] --START--
INFO: Run Behavior\ContentReplaceBehavior [ RunTime:0.000131s ]
INFO: [ template_filter ] --END-- [ RunTime:0.000173s ]
NOTIC: [8] Undefined index: title D:\XAMPP\htdocs\phpText\Tpt-Blog1.1\Runtime\Cache\Home\aa448f930e00a2c77d5751c6f186e91a.php 第 23 行.
NOTIC: [8] Use of undefined constant commend - assumed 'commend' D:\XAMPP\htdocs\phpText\Tpt-Blog1.1\Runtime\Cache\Home\aa448f930e00a2c77d5751c6f186e91a.php 第 90 行.
NOTIC: [8] Use of undefined constant pic - assumed 'pic' D:\XAMPP\htdocs\phpText\Tpt-Blog1.1\Runtime\Cache\Home\aa448f930e00a2c77d5751c6f186e91a.php 第 95 行.
NOTIC: [8] Use of undefined constant commend - assumed 'commend' D:\XAMPP\htdocs\phpText\Tpt-Blog1.1\Runtime\Cache\Home\aa448f930e00a2c77d5751c6f186e91a.php 第 90 行.
NOTIC: [8] Use of undefined constant pic - assumed 'pic' D:\XAMPP\htdocs\phpText\Tpt-Blog1.1\Runtime\Cache\Home\aa448f930e00a2c77d5751c6f186e91a.php 第 95 行.
NOTIC: [8] Use of undefined constant pic - assumed 'pic' D:\XAMPP\htdocs\phpText\Tpt-Blog1.1\Runtime\Cache\Home\aa448f930e00a2c77d5751c6f186e91a.php 第 142 行.
NOTIC: [8] Use of undefined constant pic - assumed 'pic' D:\XAMPP\htdocs\phpText\Tpt-Blog1.1\Runtime\Cache\Home\aa448f930e00a2c77d5751c6f186e91a.php 第 142 行.
INFO: Run Behavior\ParseTemplateBehavior [ RunTime:0.146176s ]
INFO: [ view_parse ] --END-- [ RunTime:0.146231s ]
INFO: [ view_filter ] --START--
INFO: Run Behavior\WriteHtmlCacheBehavior [ RunTime:0.002816s ]
INFO: [ view_filter ] --END-- [ RunTime:0.002859s ]
INFO: [ app_end ] --START--
INFO: Run Behavior\ShowPageTraceBehavior [ RunTime:0.002418s ]
INFO: [ app_end ] --END-- [ RunTime:0.002558s ]

[ 2018-11-30T08:47:01+08:00 ] ::1 /phpText/Tpt-Blog1.1/index.php
INFO: [ app_init ] --START--
INFO: Run Behavior\BuildLiteBehavior [ RunTime:0.000013s ]
INFO: [ app_init ] --END-- [ RunTime:0.000550s ]
INFO: [ app_begin ] --START--
INFO: Run Behavior\ReadHtmlCacheBehavior [ RunTime:0.001318s ]
INFO: [ app_begin ] --END-- [ RunTime:0.001404s ]
SQL: SHOW COLUMNS FROM `tpt_navtop` [ RunTime:0.0159s ]
SQL: SELECT * FROM `tpt_navtop` WHERE ( tid = 0 ) ORDER BY sort ASC  [ RunTime:0.0003s ]
SQL: SELECT * FROM `tpt_navtop` WHERE ( tid != 0 ) ORDER BY sort ASC  [ RunTime:0.0004s ]
SQL: SHOW COLUMNS FROM `tpt_article` [ RunTime:0.0136s ]
SQL: SELECT * FROM `tpt_article` WHERE `commend` = 1 AND `open` = 1 ORDER BY id DESC LIMIT 3   [ RunTime:0.0004s ]
SQL: SELECT * FROM `tpt_article` WHERE `choice` = 1 AND `open` = 1 ORDER BY id DESC LIMIT 5   [ RunTime:0.0003s ]
SQL: SHOW COLUMNS FROM `tpt_links` [ RunTime:0.0111s ]
SQL: SELECT * FROM `tpt_links`  [ RunTime:0.0003s ]
SQL: SHOW COLUMNS FROM `tpt_conf` [ RunTime:0.0090s ]
SQL: SELECT * FROM `tpt_conf` WHERE `id` = 1 LIMIT 1   [ RunTime:0.0003s ]
SQL: SHOW COLUMNS FROM `tpt_banner` [ RunTime:0.0097s ]
SQL: SELECT * FROM `tpt_banner` WHERE `id` = 1 LIMIT 1   [ RunTime:0.0004s ]
SQL: SHOW COLUMNS FROM `tpt_article` [ RunTime:0.0059s ]
SQL: SHOW COLUMNS FROM `tpt_category` [ RunTime:0.0048s ]
SQL: SELECT COUNT(*) AS tp_count FROM tpt_article article LEFT JOIN tpt_category category ON article.tid=category.id LIMIT 1   [ RunTime:0.0003s ]
SQL: SELECT article.id AS id,article.title AS title,article.author AS author,article.view AS view,article.description AS description,article.keywords AS keywords,article.pic AS pic,article.commend AS commend,article.choice AS choice,article.time AS time,article.open AS open,category.name AS name,category.type AS type FROM tpt_article article LEFT JOIN tpt_category category ON article.tid=category.id WHERE article.open = 1 ORDER BY article.id DESC LIMIT 0,15   [ RunTime:0.0003s ]
INFO: [ view_parse ] --START--
INFO: [ template_filter ] --START--
INFO: Run Behavior\ContentReplaceBehavior [ RunTime:0.000098s ]
INFO: [ template_filter ] --END-- [ RunTime:0.000142s ]
NOTIC: [8] Undefined index: title D:\XAMPP\htdocs\phpText\Tpt-Blog1.1\Runtime\Cache\Home\aa448f930e00a2c77d5751c6f186e91a.php 第 23 行.
NOTIC: [8] Use of undefined constant commend - assumed 'commend' D:\XAMPP\htdocs\phpText\Tpt-Blog1.1\Runtime\Cache\Home\aa448f930e00a2c77d5751c6f186e91a.php 第 90 行.
NOTIC: [8] Use of undefined constant pic - assumed 'pic' D:\XAMPP\htdocs\phpText\Tpt-Blog1.1\Runtime\Cache\Home\aa448f930e00a2c77d5751c6f186e91a.php 第 95 行.
NOTIC: [8] Use of undefined constant commend - assumed 'commend' D:\XAMPP\htdocs\phpText\Tpt-Blog1.1\Runtime\Cache\Home\aa448f930e00a2c77d5751c6f186e91a.php 第 90 行.
NOTIC: [8] Use of undefined constant pic - assumed 'pic' D:\XAMPP\htdocs\phpText\Tpt-Blog1.1\Runtime\Cache\Home\aa448f930e00a2c77d5751c6f186e91a.php 第 95 行.
NOTIC: [8] Use of undefined constant pic - assumed 'pic' D:\XAMPP\htdocs\phpText\Tpt-Blog1.1\Runtime\Cache\Home\aa448f930e00a2c77d5751c6f186e91a.php 第 142 行.
NOTIC: [8] Use of undefined constant pic - assumed 'pic' D:\XAMPP\htdocs\phpText\Tpt-Blog1.1\Runtime\Cache\Home\aa448f930e00a2c77d5751c6f186e91a.php 第 142 行.
INFO: Run Behavior\ParseTemplateBehavior [ RunTime:0.119795s ]
INFO: [ view_parse ] --END-- [ RunTime:0.119831s ]
INFO: [ view_filter ] --START--
INFO: Run Behavior\WriteHtmlCacheBehavior [ RunTime:0.001032s ]
INFO: [ view_filter ] --END-- [ RunTime:0.001060s ]
INFO: [ app_end ] --START--
INFO: Run Behavior\ShowPageTraceBehavior [ RunTime:0.002083s ]
INFO: [ app_end ] --END-- [ RunTime:0.002137s ]

