[ 2018-11-29T14:52:36+08:00 ] ::1 /phpText/Tpt-Blog1.1/index.php
INFO: [ app_init ] --START--
INFO: Run Behavior\BuildLiteBehavior [ RunTime:0.000010s ]
INFO: [ app_init ] --END-- [ RunTime:0.000712s ]
INFO: [ app_begin ] --START--
INFO: Run Behavior\ReadHtmlCacheBehavior [ RunTime:0.003548s ]
INFO: [ app_begin ] --END-- [ RunTime:0.003780s ]
SQL: SHOW COLUMNS FROM `tpt_navtop` [ RunTime:0.0220s ]
SQL: SELECT * FROM `tpt_navtop` WHERE ( tid = 0 ) ORDER BY sort ASC  [ RunTime:0.0004s ]
SQL: SELECT * FROM `tpt_navtop` WHERE ( tid != 0 ) ORDER BY sort ASC  [ RunTime:0.0003s ]
SQL: SHOW COLUMNS FROM `tpt_article` [ RunTime:0.0126s ]
SQL: SELECT * FROM `tpt_article` WHERE `commend` = 1 AND `open` = 1 ORDER BY id DESC LIMIT 3   [ RunTime:0.0004s ]
SQL: SELECT * FROM `tpt_article` WHERE `choice` = 1 AND `open` = 1 ORDER BY id DESC LIMIT 5   [ RunTime:0.0003s ]
SQL: SHOW COLUMNS FROM `tpt_links` [ RunTime:0.0116s ]
SQL: SELECT * FROM `tpt_links`  [ RunTime:0.0003s ]
SQL: SHOW COLUMNS FROM `tpt_conf` [ RunTime:0.0115s ]
SQL: SELECT * FROM `tpt_conf` WHERE `id` = 1 LIMIT 1   [ RunTime:0.0003s ]
SQL: SHOW COLUMNS FROM `tpt_banner` [ RunTime:0.0105s ]
SQL: SELECT * FROM `tpt_banner` WHERE `id` = 1 LIMIT 1   [ RunTime:0.0002s ]
SQL: SHOW COLUMNS FROM `tpt_article` [ RunTime:0.0066s ]
SQL: SHOW COLUMNS FROM `tpt_category` [ RunTime:0.0071s ]
SQL: SELECT COUNT(*) AS tp_count FROM tpt_article article LEFT JOIN tpt_category category ON article.tid=category.id LIMIT 1   [ RunTime:0.0005s ]
SQL: SELECT article.id AS id,article.title AS title,article.author AS author,article.view AS view,article.description AS description,article.keywords AS keywords,article.pic AS pic,article.commend AS commend,article.choice AS choice,article.time AS time,article.open AS open,category.name AS name,category.type AS type FROM tpt_article article LEFT JOIN tpt_category category ON article.tid=category.id WHERE article.open = 1 ORDER BY article.id DESC LIMIT 0,15   [ RunTime:0.0005s ]
INFO: [ view_parse ] --START--
INFO: [ template_filter ] --START--
INFO: Run Behavior\ContentReplaceBehavior [ RunTime:0.000174s ]
INFO: [ template_filter ] --END-- [ RunTime:0.000252s ]
NOTIC: [8] Undefined index: title D:\XAMPP\htdocs\phpText\Tpt-Blog1.1\Runtime\Cache\Home\aa448f930e00a2c77d5751c6f186e91a.php 第 23 行.
NOTIC: [8] Use of undefined constant commend - assumed 'commend' D:\XAMPP\htdocs\phpText\Tpt-Blog1.1\Runtime\Cache\Home\aa448f930e00a2c77d5751c6f186e91a.php 第 90 行.
NOTIC: [8] Use of undefined constant pic - assumed 'pic' D:\XAMPP\htdocs\phpText\Tpt-Blog1.1\Runtime\Cache\Home\aa448f930e00a2c77d5751c6f186e91a.php 第 95 行.
NOTIC: [8] Use of undefined constant commend - assumed 'commend' D:\XAMPP\htdocs\phpText\Tpt-Blog1.1\Runtime\Cache\Home\aa448f930e00a2c77d5751c6f186e91a.php 第 90 行.
NOTIC: [8] Use of undefined constant pic - assumed 'pic' D:\XAMPP\htdocs\phpText\Tpt-Blog1.1\Runtime\Cache\Home\aa448f930e00a2c77d5751c6f186e91a.php 第 95 行.
NOTIC: [8] Use of undefined constant pic - assumed 'pic' D:\XAMPP\htdocs\phpText\Tpt-Blog1.1\Runtime\Cache\Home\aa448f930e00a2c77d5751c6f186e91a.php 第 142 行.
NOTIC: [8] Use of undefined constant pic - assumed 'pic' D:\XAMPP\htdocs\phpText\Tpt-Blog1.1\Runtime\Cache\Home\aa448f930e00a2c77d5751c6f186e91a.php 第 142 行.
INFO: Run Behavior\ParseTemplateBehavior [ RunTime:0.197851s ]
INFO: [ view_parse ] --END-- [ RunTime:0.197937s ]
INFO: [ view_filter ] --START--
INFO: Run Behavior\WriteHtmlCacheBehavior [ RunTime:0.001957s ]
INFO: [ view_filter ] --END-- [ RunTime:0.002050s ]
INFO: [ app_end ] --START--
INFO: Run Behavior\ShowPageTraceBehavior [ RunTime:0.001856s ]
INFO: [ app_end ] --END-- [ RunTime:0.001902s ]

[ 2018-11-29T14:52:39+08:00 ] ::1 /phpText/Tpt-Blog1.1/index.php?m=Home&c=index&a=tougao
INFO: [ app_init ] --START--
INFO: Run Behavior\BuildLiteBehavior [ RunTime:0.000012s ]
INFO: [ app_init ] --END-- [ RunTime:0.000663s ]
INFO: [ app_begin ] --START--
INFO: Run Behavior\ReadHtmlCacheBehavior [ RunTime:0.001545s ]
INFO: [ app_begin ] --END-- [ RunTime:0.001660s ]
SQL: SHOW COLUMNS FROM `tpt_navtop` [ RunTime:0.0271s ]
SQL: SELECT * FROM `tpt_navtop` WHERE ( tid = 0 ) ORDER BY sort ASC  [ RunTime:0.0006s ]
SQL: SELECT * FROM `tpt_navtop` WHERE ( tid != 0 ) ORDER BY sort ASC  [ RunTime:0.0006s ]
SQL: SHOW COLUMNS FROM `tpt_article` [ RunTime:0.0175s ]
SQL: SELECT * FROM `tpt_article` WHERE `commend` = 1 AND `open` = 1 ORDER BY id DESC LIMIT 3   [ RunTime:0.0006s ]
SQL: SELECT * FROM `tpt_article` WHERE `choice` = 1 AND `open` = 1 ORDER BY id DESC LIMIT 5   [ RunTime:0.0004s ]
SQL: SHOW COLUMNS FROM `tpt_links` [ RunTime:0.0180s ]
SQL: SELECT * FROM `tpt_links`  [ RunTime:0.0004s ]
SQL: SHOW COLUMNS FROM `tpt_conf` [ RunTime:0.0221s ]
SQL: SELECT * FROM `tpt_conf` WHERE `id` = 1 LIMIT 1   [ RunTime:0.0015s ]
SQL: SELECT * FROM `tpt_conf` WHERE `open` = 1 LIMIT 1   [ RunTime:0.0004s ]
INFO: [ view_parse ] --START--
INFO: [ template_filter ] --START--
INFO: Run Behavior\ContentReplaceBehavior [ RunTime:0.000059s ]
INFO: [ template_filter ] --END-- [ RunTime:0.000105s ]
INFO: Run Behavior\ParseTemplateBehavior [ RunTime:0.092103s ]
INFO: [ view_parse ] --END-- [ RunTime:0.092178s ]
INFO: [ view_filter ] --START--
INFO: Run Behavior\WriteHtmlCacheBehavior [ RunTime:0.000682s ]
INFO: [ view_filter ] --END-- [ RunTime:0.000739s ]
INFO: [ app_end ] --START--
INFO: Run Behavior\ShowPageTraceBehavior [ RunTime:0.000750s ]
INFO: [ app_end ] --END-- [ RunTime:0.000787s ]

[ 2018-11-29T14:52:39+08:00 ] ::1 /phpText/Tpt-Blog1.1/index.php?m=Home&c=Index&a=geetest_show_verify
INFO: [ app_init ] --START--
INFO: Run Behavior\BuildLiteBehavior [ RunTime:0.000012s ]
INFO: [ app_init ] --END-- [ RunTime:0.000663s ]
INFO: [ app_begin ] --START--
INFO: Run Behavior\ReadHtmlCacheBehavior [ RunTime:0.001286s ]
INFO: [ app_begin ] --END-- [ RunTime:0.001333s ]
SQL: SHOW COLUMNS FROM `tpt_navtop` [ RunTime:0.0058s ]
SQL: SELECT * FROM `tpt_navtop` WHERE ( tid = 0 ) ORDER BY sort ASC  [ RunTime:0.0007s ]
SQL: SELECT * FROM `tpt_navtop` WHERE ( tid != 0 ) ORDER BY sort ASC  [ RunTime:0.0004s ]
SQL: SHOW COLUMNS FROM `tpt_article` [ RunTime:0.0054s ]
SQL: SELECT * FROM `tpt_article` WHERE `commend` = 1 AND `open` = 1 ORDER BY id DESC LIMIT 3   [ RunTime:0.0004s ]
SQL: SELECT * FROM `tpt_article` WHERE `choice` = 1 AND `open` = 1 ORDER BY id DESC LIMIT 5   [ RunTime:0.0003s ]
SQL: SHOW COLUMNS FROM `tpt_links` [ RunTime:0.0250s ]
SQL: SELECT * FROM `tpt_links`  [ RunTime:0.0004s ]
SQL: SHOW COLUMNS FROM `tpt_conf` [ RunTime:0.0071s ]
SQL: SELECT * FROM `tpt_conf` WHERE `id` = 1 LIMIT 1   [ RunTime:0.0003s ]
INFO: [ app_end ] --START--
INFO: Run Behavior\ShowPageTraceBehavior [ RunTime:0.001827s ]
INFO: [ app_end ] --END-- [ RunTime:0.001893s ]

[ 2018-11-29T14:52:45+08:00 ] ::1 /phpText/Tpt-Blog1.1/index.php
INFO: [ app_init ] --START--
INFO: Run Behavior\BuildLiteBehavior [ RunTime:0.000012s ]
INFO: [ app_init ] --END-- [ RunTime:0.000863s ]
INFO: [ app_begin ] --START--
INFO: Run Behavior\ReadHtmlCacheBehavior [ RunTime:0.001515s ]
INFO: [ app_begin ] --END-- [ RunTime:0.001563s ]
SQL: SHOW COLUMNS FROM `tpt_navtop` [ RunTime:0.0191s ]
SQL: SELECT * FROM `tpt_navtop` WHERE ( tid = 0 ) ORDER BY sort ASC  [ RunTime:0.0005s ]
SQL: SELECT * FROM `tpt_navtop` WHERE ( tid != 0 ) ORDER BY sort ASC  [ RunTime:0.0004s ]
SQL: SHOW COLUMNS FROM `tpt_article` [ RunTime:0.0116s ]
SQL: SELECT * FROM `tpt_article` WHERE `commend` = 1 AND `open` = 1 ORDER BY id DESC LIMIT 3   [ RunTime:0.0004s ]
SQL: SELECT * FROM `tpt_article` WHERE `choice` = 1 AND `open` = 1 ORDER BY id DESC LIMIT 5   [ RunTime:0.0004s ]
SQL: SHOW COLUMNS FROM `tpt_links` [ RunTime:0.0095s ]
SQL: SELECT * FROM `tpt_links`  [ RunTime:0.0004s ]
SQL: SHOW COLUMNS FROM `tpt_conf` [ RunTime:0.0099s ]
SQL: SELECT * FROM `tpt_conf` WHERE `id` = 1 LIMIT 1   [ RunTime:0.0003s ]
SQL: SHOW COLUMNS FROM `tpt_banner` [ RunTime:0.0108s ]
SQL: SELECT * FROM `tpt_banner` WHERE `id` = 1 LIMIT 1   [ RunTime:0.0003s ]
SQL: SHOW COLUMNS FROM `tpt_article` [ RunTime:0.0059s ]
SQL: SHOW COLUMNS FROM `tpt_category` [ RunTime:0.0059s ]
SQL: SELECT COUNT(*) AS tp_count FROM tpt_article article LEFT JOIN tpt_category category ON article.tid=category.id LIMIT 1   [ RunTime:0.0003s ]
SQL: SELECT article.id AS id,article.title AS title,article.author AS author,article.view AS view,article.description AS description,article.keywords AS keywords,article.pic AS pic,article.commend AS commend,article.choice AS choice,article.time AS time,article.open AS open,category.name AS name,category.type AS type FROM tpt_article article LEFT JOIN tpt_category category ON article.tid=category.id WHERE article.open = 1 ORDER BY article.id DESC LIMIT 0,15   [ RunTime:0.0003s ]
INFO: [ view_parse ] --START--
INFO: [ template_filter ] --START--
INFO: Run Behavior\ContentReplaceBehavior [ RunTime:0.000096s ]
INFO: [ template_filter ] --END-- [ RunTime:0.000147s ]
NOTIC: [8] Undefined index: title D:\XAMPP\htdocs\phpText\Tpt-Blog1.1\Runtime\Cache\Home\aa448f930e00a2c77d5751c6f186e91a.php 第 23 行.
NOTIC: [8] Use of undefined constant commend - assumed 'commend' D:\XAMPP\htdocs\phpText\Tpt-Blog1.1\Runtime\Cache\Home\aa448f930e00a2c77d5751c6f186e91a.php 第 90 行.
NOTIC: [8] Use of undefined constant pic - assumed 'pic' D:\XAMPP\htdocs\phpText\Tpt-Blog1.1\Runtime\Cache\Home\aa448f930e00a2c77d5751c6f186e91a.php 第 95 行.
NOTIC: [8] Use of undefined constant commend - assumed 'commend' D:\XAMPP\htdocs\phpText\Tpt-Blog1.1\Runtime\Cache\Home\aa448f930e00a2c77d5751c6f186e91a.php 第 90 行.
NOTIC: [8] Use of undefined constant pic - assumed 'pic' D:\XAMPP\htdocs\phpText\Tpt-Blog1.1\Runtime\Cache\Home\aa448f930e00a2c77d5751c6f186e91a.php 第 95 行.
NOTIC: [8] Use of undefined constant pic - assumed 'pic' D:\XAMPP\htdocs\phpText\Tpt-Blog1.1\Runtime\Cache\Home\aa448f930e00a2c77d5751c6f186e91a.php 第 142 行.
NOTIC: [8] Use of undefined constant pic - assumed 'pic' D:\XAMPP\htdocs\phpText\Tpt-Blog1.1\Runtime\Cache\Home\aa448f930e00a2c77d5751c6f186e91a.php 第 142 行.
INFO: Run Behavior\ParseTemplateBehavior [ RunTime:0.135064s ]
INFO: [ view_parse ] --END-- [ RunTime:0.135106s ]
INFO: [ view_filter ] --START--
INFO: Run Behavior\WriteHtmlCacheBehavior [ RunTime:0.001137s ]
INFO: [ view_filter ] --END-- [ RunTime:0.001166s ]
INFO: [ app_end ] --START--
INFO: Run Behavior\ShowPageTraceBehavior [ RunTime:0.002350s ]
INFO: [ app_end ] --END-- [ RunTime:0.002414s ]

[ 2018-11-29T14:52:50+08:00 ] ::1 /phpText/Tpt-Blog1.1/index.php
INFO: [ app_init ] --START--
INFO: Run Behavior\BuildLiteBehavior [ RunTime:0.000011s ]
INFO: [ app_init ] --END-- [ RunTime:0.000695s ]
INFO: [ app_begin ] --START--
INFO: Run Behavior\ReadHtmlCacheBehavior [ RunTime:0.001277s ]
INFO: [ app_begin ] --END-- [ RunTime:0.001318s ]
SQL: SHOW COLUMNS FROM `tpt_navtop` [ RunTime:0.0142s ]
SQL: SELECT * FROM `tpt_navtop` WHERE ( tid = 0 ) ORDER BY sort ASC  [ RunTime:0.0004s ]
SQL: SELECT * FROM `tpt_navtop` WHERE ( tid != 0 ) ORDER BY sort ASC  [ RunTime:0.0002s ]
SQL: SHOW COLUMNS FROM `tpt_article` [ RunTime:0.0151s ]
SQL: SELECT * FROM `tpt_article` WHERE `commend` = 1 AND `open` = 1 ORDER BY id DESC LIMIT 3   [ RunTime:0.0004s ]
SQL: SELECT * FROM `tpt_article` WHERE `choice` = 1 AND `open` = 1 ORDER BY id DESC LIMIT 5   [ RunTime:0.0003s ]
SQL: SHOW COLUMNS FROM `tpt_links` [ RunTime:0.0137s ]
SQL: SELECT * FROM `tpt_links`  [ RunTime:0.0003s ]
SQL: SHOW COLUMNS FROM `tpt_conf` [ RunTime:0.0177s ]
SQL: SELECT * FROM `tpt_conf` WHERE `id` = 1 LIMIT 1   [ RunTime:0.0005s ]
SQL: SHOW COLUMNS FROM `tpt_banner` [ RunTime:0.0150s ]
SQL: SELECT * FROM `tpt_banner` WHERE `id` = 1 LIMIT 1   [ RunTime:0.0003s ]
SQL: SHOW COLUMNS FROM `tpt_article` [ RunTime:0.0089s ]
SQL: SHOW COLUMNS FROM `tpt_category` [ RunTime:0.0079s ]
SQL: SELECT COUNT(*) AS tp_count FROM tpt_article article LEFT JOIN tpt_category category ON article.tid=category.id LIMIT 1   [ RunTime:0.0004s ]
SQL: SELECT article.id AS id,article.title AS title,article.author AS author,article.view AS view,article.description AS description,article.keywords AS keywords,article.pic AS pic,article.commend AS commend,article.choice AS choice,article.time AS time,article.open AS open,category.name AS name,category.type AS type FROM tpt_article article LEFT JOIN tpt_category category ON article.tid=category.id WHERE article.open = 1 ORDER BY article.id DESC LIMIT 0,15   [ RunTime:0.0019s ]
INFO: [ view_parse ] --START--
INFO: [ template_filter ] --START--
INFO: Run Behavior\ContentReplaceBehavior [ RunTime:0.000139s ]
INFO: [ template_filter ] --END-- [ RunTime:0.000195s ]
NOTIC: [8] Undefined index: title D:\XAMPP\htdocs\phpText\Tpt-Blog1.1\Runtime\Cache\Home\aa448f930e00a2c77d5751c6f186e91a.php 第 23 行.
NOTIC: [8] Use of undefined constant commend - assumed 'commend' D:\XAMPP\htdocs\phpText\Tpt-Blog1.1\Runtime\Cache\Home\aa448f930e00a2c77d5751c6f186e91a.php 第 90 行.
NOTIC: [8] Use of undefined constant pic - assumed 'pic' D:\XAMPP\htdocs\phpText\Tpt-Blog1.1\Runtime\Cache\Home\aa448f930e00a2c77d5751c6f186e91a.php 第 95 行.
NOTIC: [8] Use of undefined constant commend - assumed 'commend' D:\XAMPP\htdocs\phpText\Tpt-Blog1.1\Runtime\Cache\Home\aa448f930e00a2c77d5751c6f186e91a.php 第 90 行.
NOTIC: [8] Use of undefined constant pic - assumed 'pic' D:\XAMPP\htdocs\phpText\Tpt-Blog1.1\Runtime\Cache\Home\aa448f930e00a2c77d5751c6f186e91a.php 第 95 行.
NOTIC: [8] Use of undefined constant pic - assumed 'pic' D:\XAMPP\htdocs\phpText\Tpt-Blog1.1\Runtime\Cache\Home\aa448f930e00a2c77d5751c6f186e91a.php 第 142 行.
NOTIC: [8] Use of undefined constant pic - assumed 'pic' D:\XAMPP\htdocs\phpText\Tpt-Blog1.1\Runtime\Cache\Home\aa448f930e00a2c77d5751c6f186e91a.php 第 142 行.
INFO: Run Behavior\ParseTemplateBehavior [ RunTime:0.158786s ]
INFO: [ view_parse ] --END-- [ RunTime:0.158825s ]
INFO: [ view_filter ] --START--
INFO: Run Behavior\WriteHtmlCacheBehavior [ RunTime:0.001252s ]
INFO: [ view_filter ] --END-- [ RunTime:0.001281s ]
INFO: [ app_end ] --START--
INFO: Run Behavior\ShowPageTraceBehavior [ RunTime:0.002042s ]
INFO: [ app_end ] --END-- [ RunTime:0.002122s ]

[ 2018-11-29T14:52:57+08:00 ] ::1 /phpText/Tpt-Blog1.1/index.php?m=Home&c=index&a=tougao
INFO: [ app_init ] --START--
INFO: Run Behavior\BuildLiteBehavior [ RunTime:0.000010s ]
INFO: [ app_init ] --END-- [ RunTime:0.000593s ]
INFO: [ app_begin ] --START--
INFO: Run Behavior\ReadHtmlCacheBehavior [ RunTime:0.001382s ]
INFO: [ app_begin ] --END-- [ RunTime:0.001424s ]
SQL: SHOW COLUMNS FROM `tpt_navtop` [ RunTime:0.0223s ]
SQL: SELECT * FROM `tpt_navtop` WHERE ( tid = 0 ) ORDER BY sort ASC  [ RunTime:0.0005s ]
SQL: SELECT * FROM `tpt_navtop` WHERE ( tid != 0 ) ORDER BY sort ASC  [ RunTime:0.0008s ]
SQL: SHOW COLUMNS FROM `tpt_article` [ RunTime:0.0187s ]
SQL: SELECT * FROM `tpt_article` WHERE `commend` = 1 AND `open` = 1 ORDER BY id DESC LIMIT 3   [ RunTime:0.0006s ]
SQL: SELECT * FROM `tpt_article` WHERE `choice` = 1 AND `open` = 1 ORDER BY id DESC LIMIT 5   [ RunTime:0.0004s ]
SQL: SHOW COLUMNS FROM `tpt_links` [ RunTime:0.0199s ]
SQL: SELECT * FROM `tpt_links`  [ RunTime:0.0003s ]
SQL: SHOW COLUMNS FROM `tpt_conf` [ RunTime:0.0153s ]
SQL: SELECT * FROM `tpt_conf` WHERE `id` = 1 LIMIT 1   [ RunTime:0.0003s ]
SQL: SELECT * FROM `tpt_conf` WHERE `open` = 1 LIMIT 1   [ RunTime:0.0002s ]
INFO: [ view_parse ] --START--
INFO: [ template_filter ] --START--
INFO: Run Behavior\ContentReplaceBehavior [ RunTime:0.000073s ]
INFO: [ template_filter ] --END-- [ RunTime:0.000147s ]
INFO: Run Behavior\ParseTemplateBehavior [ RunTime:0.017805s ]
INFO: [ view_parse ] --END-- [ RunTime:0.018004s ]
INFO: [ view_filter ] --START--
INFO: Run Behavior\WriteHtmlCacheBehavior [ RunTime:0.001710s ]
INFO: [ view_filter ] --END-- [ RunTime:0.001767s ]
INFO: [ app_end ] --START--
INFO: Run Behavior\ShowPageTraceBehavior [ RunTime:0.002146s ]
INFO: [ app_end ] --END-- [ RunTime:0.002219s ]

[ 2018-11-29T14:52:58+08:00 ] ::1 /phpText/Tpt-Blog1.1/index.php?m=Home&c=Index&a=geetest_show_verify
INFO: [ app_init ] --START--
INFO: Run Behavior\BuildLiteBehavior [ RunTime:0.000011s ]
INFO: [ app_init ] --END-- [ RunTime:0.000728s ]
INFO: [ app_begin ] --START--
INFO: Run Behavior\ReadHtmlCacheBehavior [ RunTime:0.001337s ]
INFO: [ app_begin ] --END-- [ RunTime:0.001382s ]
SQL: SHOW COLUMNS FROM `tpt_navtop` [ RunTime:0.0137s ]
SQL: SELECT * FROM `tpt_navtop` WHERE ( tid = 0 ) ORDER BY sort ASC  [ RunTime:0.0004s ]
SQL: SELECT * FROM `tpt_navtop` WHERE ( tid != 0 ) ORDER BY sort ASC  [ RunTime:0.0003s ]
SQL: SHOW COLUMNS FROM `tpt_article` [ RunTime:0.0132s ]
SQL: SELECT * FROM `tpt_article` WHERE `commend` = 1 AND `open` = 1 ORDER BY id DESC LIMIT 3   [ RunTime:0.0009s ]
SQL: SELECT * FROM `tpt_article` WHERE `choice` = 1 AND `open` = 1 ORDER BY id DESC LIMIT 5   [ RunTime:0.0005s ]
SQL: SHOW COLUMNS FROM `tpt_links` [ RunTime:0.0150s ]
SQL: SELECT * FROM `tpt_links`  [ RunTime:0.0004s ]
SQL: SHOW COLUMNS FROM `tpt_conf` [ RunTime:0.0161s ]
SQL: SELECT * FROM `tpt_conf` WHERE `id` = 1 LIMIT 1   [ RunTime:0.0003s ]
INFO: [ app_end ] --START--
INFO: Run Behavior\ShowPageTraceBehavior [ RunTime:0.004641s ]
INFO: [ app_end ] --END-- [ RunTime:0.004763s ]

[ 2018-11-29T14:53:14+08:00 ] ::1 /phpText/Tpt-Blog1.1/index.php
INFO: [ app_init ] --START--
INFO: Run Behavior\BuildLiteBehavior [ RunTime:0.000056s ]
INFO: [ app_init ] --END-- [ RunTime:0.000964s ]
INFO: [ app_begin ] --START--
INFO: Run Behavior\ReadHtmlCacheBehavior [ RunTime:0.000750s ]
INFO: [ app_begin ] --END-- [ RunTime:0.000838s ]
SQL: SHOW COLUMNS FROM `tpt_navtop` [ RunTime:0.0241s ]
SQL: SELECT * FROM `tpt_navtop` WHERE ( tid = 0 ) ORDER BY sort ASC  [ RunTime:0.0004s ]
SQL: SELECT * FROM `tpt_navtop` WHERE ( tid != 0 ) ORDER BY sort ASC  [ RunTime:0.0003s ]
SQL: SHOW COLUMNS FROM `tpt_article` [ RunTime:0.0097s ]
SQL: SELECT * FROM `tpt_article` WHERE `commend` = 1 AND `open` = 1 ORDER BY id DESC LIMIT 3   [ RunTime:0.0008s ]
SQL: SELECT * FROM `tpt_article` WHERE `choice` = 1 AND `open` = 1 ORDER BY id DESC LIMIT 5   [ RunTime:0.0007s ]
SQL: SHOW COLUMNS FROM `tpt_links` [ RunTime:0.0169s ]
SQL: SELECT * FROM `tpt_links`  [ RunTime:0.0005s ]
SQL: SHOW COLUMNS FROM `tpt_conf` [ RunTime:0.0164s ]
SQL: SELECT * FROM `tpt_conf` WHERE `id` = 1 LIMIT 1   [ RunTime:0.0005s ]
SQL: SHOW COLUMNS FROM `tpt_banner` [ RunTime:0.0157s ]
SQL: SELECT * FROM `tpt_banner` WHERE `id` = 1 LIMIT 1   [ RunTime:0.0005s ]
SQL: SHOW COLUMNS FROM `tpt_article` [ RunTime:0.0089s ]
SQL: SHOW COLUMNS FROM `tpt_category` [ RunTime:0.0083s ]
SQL: SELECT COUNT(*) AS tp_count FROM tpt_article article LEFT JOIN tpt_category category ON article.tid=category.id LIMIT 1   [ RunTime:0.0006s ]
SQL: SELECT article.id AS id,article.title AS title,article.author AS author,article.view AS view,article.description AS description,article.keywords AS keywords,article.pic AS pic,article.commend AS commend,article.choice AS choice,article.time AS time,article.open AS open,category.name AS name,category.type AS type FROM tpt_article article LEFT JOIN tpt_category category ON article.tid=category.id WHERE article.open = 1 ORDER BY article.id DESC LIMIT 0,15   [ RunTime:0.0006s ]
INFO: [ view_parse ] --START--
INFO: [ template_filter ] --START--
INFO: Run Behavior\ContentReplaceBehavior [ RunTime:0.000106s ]
INFO: [ template_filter ] --END-- [ RunTime:0.000164s ]
NOTIC: [8] Undefined index: title D:\XAMPP\htdocs\phpText\Tpt-Blog1.1\Runtime\Cache\Home\aa448f930e00a2c77d5751c6f186e91a.php 第 23 行.
NOTIC: [8] Use of undefined constant commend - assumed 'commend' D:\XAMPP\htdocs\phpText\Tpt-Blog1.1\Runtime\Cache\Home\aa448f930e00a2c77d5751c6f186e91a.php 第 90 行.
NOTIC: [8] Use of undefined constant pic - assumed 'pic' D:\XAMPP\htdocs\phpText\Tpt-Blog1.1\Runtime\Cache\Home\aa448f930e00a2c77d5751c6f186e91a.php 第 95 行.
NOTIC: [8] Use of undefined constant commend - assumed 'commend' D:\XAMPP\htdocs\phpText\Tpt-Blog1.1\Runtime\Cache\Home\aa448f930e00a2c77d5751c6f186e91a.php 第 90 行.
NOTIC: [8] Use of undefined constant pic - assumed 'pic' D:\XAMPP\htdocs\phpText\Tpt-Blog1.1\Runtime\Cache\Home\aa448f930e00a2c77d5751c6f186e91a.php 第 95 行.
NOTIC: [8] Use of undefined constant pic - assumed 'pic' D:\XAMPP\htdocs\phpText\Tpt-Blog1.1\Runtime\Cache\Home\aa448f930e00a2c77d5751c6f186e91a.php 第 142 行.
NOTIC: [8] Use of undefined constant pic - assumed 'pic' D:\XAMPP\htdocs\phpText\Tpt-Blog1.1\Runtime\Cache\Home\aa448f930e00a2c77d5751c6f186e91a.php 第 142 行.
INFO: Run Behavior\ParseTemplateBehavior [ RunTime:0.159090s ]
INFO: [ view_parse ] --END-- [ RunTime:0.159145s ]
INFO: [ view_filter ] --START--
INFO: Run Behavior\WriteHtmlCacheBehavior [ RunTime:0.000826s ]
INFO: [ view_filter ] --END-- [ RunTime:0.000858s ]
INFO: [ app_end ] --START--
INFO: Run Behavior\ShowPageTraceBehavior [ RunTime:0.001386s ]
INFO: [ app_end ] --END-- [ RunTime:0.001452s ]

[ 2018-11-29T15:48:46+08:00 ] ::1 /phpText/Tpt-Blog1.1/index.php/tags.html?ks=%E5%A4%A7%E6%9C%8BVR
INFO: [ app_init ] --START--
INFO: Run Behavior\BuildLiteBehavior [ RunTime:0.000012s ]
INFO: [ app_init ] --END-- [ RunTime:0.015338s ]
INFO: [ app_begin ] --START--
INFO: Run Behavior\ReadHtmlCacheBehavior [ RunTime:0.018864s ]
INFO: [ app_begin ] --END-- [ RunTime:0.018917s ]
SQL: SHOW COLUMNS FROM `tpt_navtop` [ RunTime:0.0329s ]
SQL: SELECT * FROM `tpt_navtop` WHERE ( tid = 0 ) ORDER BY sort ASC  [ RunTime:0.0012s ]
SQL: SELECT * FROM `tpt_navtop` WHERE ( tid != 0 ) ORDER BY sort ASC  [ RunTime:0.0002s ]
SQL: SHOW COLUMNS FROM `tpt_article` [ RunTime:0.0110s ]
SQL: SELECT * FROM `tpt_article` WHERE `commend` = 1 AND `open` = 1 ORDER BY id DESC LIMIT 3   [ RunTime:0.0005s ]
SQL: SELECT * FROM `tpt_article` WHERE `choice` = 1 AND `open` = 1 ORDER BY id DESC LIMIT 5   [ RunTime:0.0003s ]
SQL: SHOW COLUMNS FROM `tpt_links` [ RunTime:0.0095s ]
SQL: SELECT * FROM `tpt_links`  [ RunTime:0.0004s ]
SQL: SHOW COLUMNS FROM `tpt_conf` [ RunTime:0.0104s ]
SQL: SELECT * FROM `tpt_conf` WHERE `id` = 1 LIMIT 1   [ RunTime:0.0004s ]
SQL: SHOW COLUMNS FROM `tpt_article` [ RunTime:0.0051s ]
SQL: SHOW COLUMNS FROM `tpt_category` [ RunTime:0.0069s ]
SQL: SELECT COUNT(*) AS tp_count FROM tpt_article article LEFT JOIN tpt_category category ON article.tid=category.id LIMIT 1   [ RunTime:0.0210s ]
SQL: SELECT article.id AS id,article.title AS title,article.author AS author,article.view AS view,article.description AS description,article.keywords AS keywords,article.pic AS pic,article.commend AS commend,article.choice AS choice,article.time AS time,article.open AS open,category.name AS name,category.type AS type FROM tpt_article article LEFT JOIN tpt_category category ON article.tid=category.id WHERE ( 1 AND article.keywords LIKE "%大朋VR%" ) ORDER BY article.id DESC LIMIT 0,15   [ RunTime:0.0012s ]
INFO: [ view_parse ] --START--
INFO: [ template_filter ] --START--
INFO: Run Behavior\ContentReplaceBehavior [ RunTime:0.000084s ]
INFO: [ template_filter ] --END-- [ RunTime:0.000124s ]
NOTIC: [8] Undefined index: title D:\XAMPP\htdocs\phpText\Tpt-Blog1.1\Runtime\Cache\Home\d4879ffe07a4be12f3ff6402ebdb4cbf.php 第 23 行.
NOTIC: [8] Use of undefined constant pic - assumed 'pic' D:\XAMPP\htdocs\phpText\Tpt-Blog1.1\Runtime\Cache\Home\d4879ffe07a4be12f3ff6402ebdb4cbf.php 第 125 行.
NOTIC: [8] Use of undefined constant pic - assumed 'pic' D:\XAMPP\htdocs\phpText\Tpt-Blog1.1\Runtime\Cache\Home\d4879ffe07a4be12f3ff6402ebdb4cbf.php 第 125 行.
INFO: Run Behavior\ParseTemplateBehavior [ RunTime:0.261631s ]
INFO: [ view_parse ] --END-- [ RunTime:0.261671s ]
INFO: [ view_filter ] --START--
INFO: Run Behavior\WriteHtmlCacheBehavior [ RunTime:0.012245s ]
INFO: [ view_filter ] --END-- [ RunTime:0.012282s ]
INFO: [ app_end ] --START--
INFO: Run Behavior\ShowPageTraceBehavior [ RunTime:0.013539s ]
INFO: [ app_end ] --END-- [ RunTime:0.013588s ]

[ 2018-11-29T16:35:13+08:00 ] ::1 /phpText/Tpt-Blog1.1/index.php
INFO: [ app_init ] --START--
INFO: Run Behavior\BuildLiteBehavior [ RunTime:0.000012s ]
INFO: [ app_init ] --END-- [ RunTime:0.016317s ]
INFO: [ app_begin ] --START--
INFO: Run Behavior\ReadHtmlCacheBehavior [ RunTime:0.001781s ]
INFO: [ app_begin ] --END-- [ RunTime:0.001829s ]
SQL: SHOW COLUMNS FROM `tpt_navtop` [ RunTime:0.0324s ]
SQL: SELECT * FROM `tpt_navtop` WHERE ( tid = 0 ) ORDER BY sort ASC  [ RunTime:0.0071s ]
SQL: SELECT * FROM `tpt_navtop` WHERE ( tid != 0 ) ORDER BY sort ASC  [ RunTime:0.0003s ]
SQL: SHOW COLUMNS FROM `tpt_article` [ RunTime:0.0191s ]
SQL: SELECT * FROM `tpt_article` WHERE `commend` = 1 AND `open` = 1 ORDER BY id DESC LIMIT 3   [ RunTime:0.0008s ]
SQL: SELECT * FROM `tpt_article` WHERE `choice` = 1 AND `open` = 1 ORDER BY id DESC LIMIT 5   [ RunTime:0.0007s ]
SQL: SHOW COLUMNS FROM `tpt_links` [ RunTime:0.0230s ]
SQL: SELECT * FROM `tpt_links`  [ RunTime:0.0003s ]
SQL: SHOW COLUMNS FROM `tpt_conf` [ RunTime:0.0185s ]
SQL: SELECT * FROM `tpt_conf` WHERE `id` = 1 LIMIT 1   [ RunTime:0.0007s ]
SQL: SHOW COLUMNS FROM `tpt_banner` [ RunTime:0.0198s ]
SQL: SELECT * FROM `tpt_banner` WHERE `id` = 1 LIMIT 1   [ RunTime:0.0006s ]
SQL: SHOW COLUMNS FROM `tpt_article` [ RunTime:0.0149s ]
SQL: SHOW COLUMNS FROM `tpt_category` [ RunTime:0.0149s ]
SQL: SELECT COUNT(*) AS tp_count FROM tpt_article article LEFT JOIN tpt_category category ON article.tid=category.id LIMIT 1   [ RunTime:0.0003s ]
SQL: SELECT article.id AS id,article.title AS title,article.author AS author,article.view AS view,article.description AS description,article.keywords AS keywords,article.pic AS pic,article.commend AS commend,article.choice AS choice,article.time AS time,article.open AS open,category.name AS name,category.type AS type FROM tpt_article article LEFT JOIN tpt_category category ON article.tid=category.id WHERE article.open = 1 ORDER BY article.id DESC LIMIT 0,15   [ RunTime:0.0007s ]
INFO: [ view_parse ] --START--
INFO: [ template_filter ] --START--
INFO: Run Behavior\ContentReplaceBehavior [ RunTime:0.000092s ]
INFO: [ template_filter ] --END-- [ RunTime:0.000136s ]
NOTIC: [8] Undefined index: title D:\XAMPP\htdocs\phpText\Tpt-Blog1.1\Runtime\Cache\Home\aa448f930e00a2c77d5751c6f186e91a.php 第 23 行.
NOTIC: [8] Use of undefined constant commend - assumed 'commend' D:\XAMPP\htdocs\phpText\Tpt-Blog1.1\Runtime\Cache\Home\aa448f930e00a2c77d5751c6f186e91a.php 第 90 行.
NOTIC: [8] Use of undefined constant pic - assumed 'pic' D:\XAMPP\htdocs\phpText\Tpt-Blog1.1\Runtime\Cache\Home\aa448f930e00a2c77d5751c6f186e91a.php 第 95 行.
NOTIC: [8] Use of undefined constant commend - assumed 'commend' D:\XAMPP\htdocs\phpText\Tpt-Blog1.1\Runtime\Cache\Home\aa448f930e00a2c77d5751c6f186e91a.php 第 90 行.
NOTIC: [8] Use of undefined constant pic - assumed 'pic' D:\XAMPP\htdocs\phpText\Tpt-Blog1.1\Runtime\Cache\Home\aa448f930e00a2c77d5751c6f186e91a.php 第 95 行.
NOTIC: [8] Use of undefined constant pic - assumed 'pic' D:\XAMPP\htdocs\phpText\Tpt-Blog1.1\Runtime\Cache\Home\aa448f930e00a2c77d5751c6f186e91a.php 第 142 行.
NOTIC: [8] Use of undefined constant pic - assumed 'pic' D:\XAMPP\htdocs\phpText\Tpt-Blog1.1\Runtime\Cache\Home\aa448f930e00a2c77d5751c6f186e91a.php 第 142 行.
INFO: Run Behavior\ParseTemplateBehavior [ RunTime:0.255674s ]
INFO: [ view_parse ] --END-- [ RunTime:0.255748s ]
INFO: [ view_filter ] --START--
INFO: Run Behavior\WriteHtmlCacheBehavior [ RunTime:0.015891s ]
INFO: [ view_filter ] --END-- [ RunTime:0.015931s ]
INFO: [ app_end ] --START--
INFO: Run Behavior\ShowPageTraceBehavior [ RunTime:0.002854s ]
INFO: [ app_end ] --END-- [ RunTime:0.002917s ]

[ 2018-11-29T16:36:46+08:00 ] ::1 /phpText/Tpt-Blog1.1/index.php
INFO: [ app_init ] --START--
INFO: Run Behavior\BuildLiteBehavior [ RunTime:0.000010s ]
INFO: [ app_init ] --END-- [ RunTime:0.000538s ]
INFO: [ app_begin ] --START--
INFO: Run Behavior\ReadHtmlCacheBehavior [ RunTime:0.001301s ]
INFO: [ app_begin ] --END-- [ RunTime:0.001346s ]
SQL: SHOW COLUMNS FROM `tpt_navtop` [ RunTime:0.0208s ]
SQL: SELECT * FROM `tpt_navtop` WHERE ( tid = 0 ) ORDER BY sort ASC  [ RunTime:0.0005s ]
SQL: SELECT * FROM `tpt_navtop` WHERE ( tid != 0 ) ORDER BY sort ASC  [ RunTime:0.0003s ]
SQL: SHOW COLUMNS FROM `tpt_article` [ RunTime:0.0100s ]
SQL: SELECT * FROM `tpt_article` WHERE `commend` = 1 AND `open` = 1 ORDER BY id DESC LIMIT 3   [ RunTime:0.0004s ]
SQL: SELECT * FROM `tpt_article` WHERE `choice` = 1 AND `open` = 1 ORDER BY id DESC LIMIT 5   [ RunTime:0.0003s ]
SQL: SHOW COLUMNS FROM `tpt_links` [ RunTime:0.0091s ]
SQL: SELECT * FROM `tpt_links`  [ RunTime:0.0003s ]
SQL: SHOW COLUMNS FROM `tpt_conf` [ RunTime:0.0093s ]
SQL: SELECT * FROM `tpt_conf` WHERE `id` = 1 LIMIT 1   [ RunTime:0.0003s ]
SQL: SHOW COLUMNS FROM `tpt_banner` [ RunTime:0.0101s ]
SQL: SELECT * FROM `tpt_banner` WHERE `id` = 1 LIMIT 1   [ RunTime:0.0003s ]
SQL: SHOW COLUMNS FROM `tpt_article` [ RunTime:0.0057s ]
SQL: SHOW COLUMNS FROM `tpt_category` [ RunTime:0.0064s ]
SQL: SELECT COUNT(*) AS tp_count FROM tpt_article article LEFT JOIN tpt_category category ON article.tid=category.id LIMIT 1   [ RunTime:0.0004s ]
SQL: SELECT article.id AS id,article.title AS title,article.author AS author,article.view AS view,article.description AS description,article.keywords AS keywords,article.pic AS pic,article.commend AS commend,article.choice AS choice,article.time AS time,article.open AS open,category.name AS name,category.type AS type FROM tpt_article article LEFT JOIN tpt_category category ON article.tid=category.id WHERE article.open = 1 ORDER BY article.id DESC LIMIT 0,15   [ RunTime:0.0004s ]
INFO: [ view_parse ] --START--
INFO: [ template_filter ] --START--
INFO: Run Behavior\ContentReplaceBehavior [ RunTime:0.000086s ]
INFO: [ template_filter ] --END-- [ RunTime:0.000122s ]
NOTIC: [8] Undefined index: title D:\XAMPP\htdocs\phpText\Tpt-Blog1.1\Runtime\Cache\Home\aa448f930e00a2c77d5751c6f186e91a.php 第 23 行.
NOTIC: [8] Use of undefined constant commend - assumed 'commend' D:\XAMPP\htdocs\phpText\Tpt-Blog1.1\Runtime\Cache\Home\aa448f930e00a2c77d5751c6f186e91a.php 第 90 行.
NOTIC: [8] Use of undefined constant pic - assumed 'pic' D:\XAMPP\htdocs\phpText\Tpt-Blog1.1\Runtime\Cache\Home\aa448f930e00a2c77d5751c6f186e91a.php 第 95 行.
NOTIC: [8] Use of undefined constant commend - assumed 'commend' D:\XAMPP\htdocs\phpText\Tpt-Blog1.1\Runtime\Cache\Home\aa448f930e00a2c77d5751c6f186e91a.php 第 90 行.
NOTIC: [8] Use of undefined constant pic - assumed 'pic' D:\XAMPP\htdocs\phpText\Tpt-Blog1.1\Runtime\Cache\Home\aa448f930e00a2c77d5751c6f186e91a.php 第 95 行.
NOTIC: [8] Use of undefined constant pic - assumed 'pic' D:\XAMPP\htdocs\phpText\Tpt-Blog1.1\Runtime\Cache\Home\aa448f930e00a2c77d5751c6f186e91a.php 第 142 行.
NOTIC: [8] Use of undefined constant pic - assumed 'pic' D:\XAMPP\htdocs\phpText\Tpt-Blog1.1\Runtime\Cache\Home\aa448f930e00a2c77d5751c6f186e91a.php 第 142 行.
INFO: Run Behavior\ParseTemplateBehavior [ RunTime:0.113476s ]
INFO: [ view_parse ] --END-- [ RunTime:0.113515s ]
INFO: [ view_filter ] --START--
INFO: Run Behavior\WriteHtmlCacheBehavior [ RunTime:0.001116s ]
INFO: [ view_filter ] --END-- [ RunTime:0.001144s ]
INFO: [ app_end ] --START--
INFO: Run Behavior\ShowPageTraceBehavior [ RunTime:0.002028s ]
INFO: [ app_end ] --END-- [ RunTime:0.002113s ]

[ 2018-11-29T16:37:37+08:00 ] ::1 /phpText/Tpt-Blog1.1/index.php
INFO: [ app_init ] --START--
INFO: Run Behavior\BuildLiteBehavior [ RunTime:0.000011s ]
INFO: [ app_init ] --END-- [ RunTime:0.000842s ]
INFO: [ app_begin ] --START--
INFO: Run Behavior\ReadHtmlCacheBehavior [ RunTime:0.002062s ]
INFO: [ app_begin ] --END-- [ RunTime:0.002189s ]
SQL: SHOW COLUMNS FROM `tpt_navtop` [ RunTime:0.0163s ]
SQL: SELECT * FROM `tpt_navtop` WHERE ( tid = 0 ) ORDER BY sort ASC  [ RunTime:0.0005s ]
SQL: SELECT * FROM `tpt_navtop` WHERE ( tid != 0 ) ORDER BY sort ASC  [ RunTime:0.0003s ]
SQL: SHOW COLUMNS FROM `tpt_article` [ RunTime:0.0156s ]
SQL: SELECT * FROM `tpt_article` WHERE `commend` = 1 AND `open` = 1 ORDER BY id DESC LIMIT 3   [ RunTime:0.0005s ]
SQL: SELECT * FROM `tpt_article` WHERE `choice` = 1 AND `open` = 1 ORDER BY id DESC LIMIT 5   [ RunTime:0.0004s ]
SQL: SHOW COLUMNS FROM `tpt_links` [ RunTime:0.0127s ]
SQL: SELECT * FROM `tpt_links`  [ RunTime:0.0002s ]
SQL: SHOW COLUMNS FROM `tpt_conf` [ RunTime:0.0120s ]
SQL: SELECT * FROM `tpt_conf` WHERE `id` = 1 LIMIT 1   [ RunTime:0.0004s ]
SQL: SHOW COLUMNS FROM `tpt_banner` [ RunTime:0.0122s ]
SQL: SELECT * FROM `tpt_banner` WHERE `id` = 1 LIMIT 1   [ RunTime:0.0003s ]
SQL: SHOW COLUMNS FROM `tpt_article` [ RunTime:0.0069s ]
SQL: SHOW COLUMNS FROM `tpt_category` [ RunTime:0.0084s ]
SQL: SELECT COUNT(*) AS tp_count FROM tpt_article article LEFT JOIN tpt_category category ON article.tid=category.id LIMIT 1   [ RunTime:0.0003s ]
SQL: SELECT article.id AS id,article.title AS title,article.author AS author,article.view AS view,article.description AS description,article.keywords AS keywords,article.pic AS pic,article.commend AS commend,article.choice AS choice,article.time AS time,article.open AS open,category.name AS name,category.type AS type FROM tpt_article article LEFT JOIN tpt_category category ON article.tid=category.id WHERE article.open = 1 ORDER BY article.id DESC LIMIT 0,15   [ RunTime:0.0004s ]
INFO: [ view_parse ] --START--
INFO: [ template_filter ] --START--
INFO: Run Behavior\ContentReplaceBehavior [ RunTime:0.000092s ]
INFO: [ template_filter ] --END-- [ RunTime:0.000132s ]
NOTIC: [8] Undefined index: title D:\XAMPP\htdocs\phpText\Tpt-Blog1.1\Runtime\Cache\Home\aa448f930e00a2c77d5751c6f186e91a.php 第 23 行.
NOTIC: [8] Use of undefined constant commend - assumed 'commend' D:\XAMPP\htdocs\phpText\Tpt-Blog1.1\Runtime\Cache\Home\aa448f930e00a2c77d5751c6f186e91a.php 第 90 行.
NOTIC: [8] Use of undefined constant pic - assumed 'pic' D:\XAMPP\htdocs\phpText\Tpt-Blog1.1\Runtime\Cache\Home\aa448f930e00a2c77d5751c6f186e91a.php 第 95 行.
NOTIC: [8] Use of undefined constant commend - assumed 'commend' D:\XAMPP\htdocs\phpText\Tpt-Blog1.1\Runtime\Cache\Home\aa448f930e00a2c77d5751c6f186e91a.php 第 90 行.
NOTIC: [8] Use of undefined constant pic - assumed 'pic' D:\XAMPP\htdocs\phpText\Tpt-Blog1.1\Runtime\Cache\Home\aa448f930e00a2c77d5751c6f186e91a.php 第 95 行.
NOTIC: [8] Use of undefined constant pic - assumed 'pic' D:\XAMPP\htdocs\phpText\Tpt-Blog1.1\Runtime\Cache\Home\aa448f930e00a2c77d5751c6f186e91a.php 第 142 行.
NOTIC: [8] Use of undefined constant pic - assumed 'pic' D:\XAMPP\htdocs\phpText\Tpt-Blog1.1\Runtime\Cache\Home\aa448f930e00a2c77d5751c6f186e91a.php 第 142 行.
INFO: Run Behavior\ParseTemplateBehavior [ RunTime:0.131440s ]
INFO: [ view_parse ] --END-- [ RunTime:0.131481s ]
INFO: [ view_filter ] --START--
INFO: Run Behavior\WriteHtmlCacheBehavior [ RunTime:0.001118s ]
INFO: [ view_filter ] --END-- [ RunTime:0.001148s ]
INFO: [ app_end ] --START--
INFO: Run Behavior\ShowPageTraceBehavior [ RunTime:0.001619s ]
INFO: [ app_end ] --END-- [ RunTime:0.001687s ]

[ 2018-11-29T16:57:19+08:00 ] ::1 /phpText/Tpt-Blog1.1/index.php
INFO: [ app_init ] --START--
INFO: Run Behavior\BuildLiteBehavior [ RunTime:0.000009s ]
INFO: [ app_init ] --END-- [ RunTime:0.000511s ]
INFO: [ app_begin ] --START--
INFO: Run Behavior\ReadHtmlCacheBehavior [ RunTime:0.001234s ]
INFO: [ app_begin ] --END-- [ RunTime:0.001274s ]
SQL: SHOW COLUMNS FROM `tpt_navtop` [ RunTime:0.0155s ]
SQL: SELECT * FROM `tpt_navtop` WHERE ( tid = 0 ) ORDER BY sort ASC  [ RunTime:0.0004s ]
SQL: SELECT * FROM `tpt_navtop` WHERE ( tid != 0 ) ORDER BY sort ASC  [ RunTime:0.0005s ]
SQL: SHOW COLUMNS FROM `tpt_article` [ RunTime:0.0165s ]
SQL: SELECT * FROM `tpt_article` WHERE `commend` = 1 AND `open` = 1 ORDER BY id DESC LIMIT 3   [ RunTime:0.0006s ]
SQL: SELECT * FROM `tpt_article` WHERE `choice` = 1 AND `open` = 1 ORDER BY id DESC LIMIT 5   [ RunTime:0.0006s ]
SQL: SHOW COLUMNS FROM `tpt_links` [ RunTime:0.0150s ]
SQL: SELECT * FROM `tpt_links`  [ RunTime:0.0003s ]
SQL: SHOW COLUMNS FROM `tpt_conf` [ RunTime:0.0145s ]
SQL: SELECT * FROM `tpt_conf` WHERE `id` = 1 LIMIT 1   [ RunTime:0.0003s ]
SQL: SHOW COLUMNS FROM `tpt_banner` [ RunTime:0.0139s ]
SQL: SELECT * FROM `tpt_banner` WHERE `id` = 1 LIMIT 1   [ RunTime:0.0003s ]
SQL: SHOW COLUMNS FROM `tpt_article` [ RunTime:0.0106s ]
SQL: SHOW COLUMNS FROM `tpt_category` [ RunTime:0.0056s ]
SQL: SELECT COUNT(*) AS tp_count FROM tpt_article article LEFT JOIN tpt_category category ON article.tid=category.id LIMIT 1   [ RunTime:0.0002s ]
SQL: SELECT article.id AS id,article.title AS title,article.author AS author,article.view AS view,article.description AS description,article.keywords AS keywords,article.pic AS pic,article.commend AS commend,article.choice AS choice,article.time AS time,article.open AS open,category.name AS name,category.type AS type FROM tpt_article article LEFT JOIN tpt_category category ON article.tid=category.id WHERE article.open = 1 ORDER BY article.id DESC LIMIT 0,15   [ RunTime:0.0023s ]
INFO: [ view_parse ] --START--
INFO: [ template_filter ] --START--
INFO: Run Behavior\ContentReplaceBehavior [ RunTime:0.000086s ]
INFO: [ template_filter ] --END-- [ RunTime:0.000126s ]
NOTIC: [8] Undefined index: title D:\XAMPP\htdocs\phpText\Tpt-Blog1.1\Runtime\Cache\Home\aa448f930e00a2c77d5751c6f186e91a.php 第 23 行.
NOTIC: [8] Use of undefined constant commend - assumed 'commend' D:\XAMPP\htdocs\phpText\Tpt-Blog1.1\Runtime\Cache\Home\aa448f930e00a2c77d5751c6f186e91a.php 第 90 行.
NOTIC: [8] Use of undefined constant pic - assumed 'pic' D:\XAMPP\htdocs\phpText\Tpt-Blog1.1\Runtime\Cache\Home\aa448f930e00a2c77d5751c6f186e91a.php 第 95 行.
NOTIC: [8] Use of undefined constant commend - assumed 'commend' D:\XAMPP\htdocs\phpText\Tpt-Blog1.1\Runtime\Cache\Home\aa448f930e00a2c77d5751c6f186e91a.php 第 90 行.
NOTIC: [8] Use of undefined constant pic - assumed 'pic' D:\XAMPP\htdocs\phpText\Tpt-Blog1.1\Runtime\Cache\Home\aa448f930e00a2c77d5751c6f186e91a.php 第 95 行.
NOTIC: [8] Use of undefined constant pic - assumed 'pic' D:\XAMPP\htdocs\phpText\Tpt-Blog1.1\Runtime\Cache\Home\aa448f930e00a2c77d5751c6f186e91a.php 第 142 行.
NOTIC: [8] Use of undefined constant pic - assumed 'pic' D:\XAMPP\htdocs\phpText\Tpt-Blog1.1\Runtime\Cache\Home\aa448f930e00a2c77d5751c6f186e91a.php 第 142 行.
INFO: Run Behavior\ParseTemplateBehavior [ RunTime:0.129656s ]
INFO: [ view_parse ] --END-- [ RunTime:0.129707s ]
INFO: [ view_filter ] --START--
INFO: Run Behavior\WriteHtmlCacheBehavior [ RunTime:0.002086s ]
INFO: [ view_filter ] --END-- [ RunTime:0.002156s ]
INFO: [ app_end ] --START--
INFO: Run Behavior\ShowPageTraceBehavior [ RunTime:0.002541s ]
INFO: [ app_end ] --END-- [ RunTime:0.002602s ]

[ 2018-11-29T16:57:30+08:00 ] ::1 /phpText/Tpt-Blog1.1/index.php
INFO: [ app_init ] --START--
INFO: Run Behavior\BuildLiteBehavior [ RunTime:0.000010s ]
INFO: [ app_init ] --END-- [ RunTime:0.000770s ]
INFO: [ app_begin ] --START--
INFO: Run Behavior\ReadHtmlCacheBehavior [ RunTime:0.001080s ]
INFO: [ app_begin ] --END-- [ RunTime:0.001253s ]
SQL: SHOW COLUMNS FROM `tpt_navtop` [ RunTime:0.0270s ]
SQL: SELECT * FROM `tpt_navtop` WHERE ( tid = 0 ) ORDER BY sort ASC  [ RunTime:0.0007s ]
SQL: SELECT * FROM `tpt_navtop` WHERE ( tid != 0 ) ORDER BY sort ASC  [ RunTime:0.0004s ]
SQL: SHOW COLUMNS FROM `tpt_article` [ RunTime:0.0200s ]
SQL: SELECT * FROM `tpt_article` WHERE `commend` = 1 AND `open` = 1 ORDER BY id DESC LIMIT 3   [ RunTime:0.0006s ]
SQL: SELECT * FROM `tpt_article` WHERE `choice` = 1 AND `open` = 1 ORDER BY id DESC LIMIT 5   [ RunTime:0.0005s ]
SQL: SHOW COLUMNS FROM `tpt_links` [ RunTime:0.0227s ]
SQL: SELECT * FROM `tpt_links`  [ RunTime:0.0003s ]
SQL: SHOW COLUMNS FROM `tpt_conf` [ RunTime:0.0191s ]
SQL: SELECT * FROM `tpt_conf` WHERE `id` = 1 LIMIT 1   [ RunTime:0.0004s ]
SQL: SHOW COLUMNS FROM `tpt_banner` [ RunTime:0.0192s ]
SQL: SELECT * FROM `tpt_banner` WHERE `id` = 1 LIMIT 1   [ RunTime:0.0004s ]
SQL: SHOW COLUMNS FROM `tpt_article` [ RunTime:0.0148s ]
SQL: SHOW COLUMNS FROM `tpt_category` [ RunTime:0.0108s ]
SQL: SELECT COUNT(*) AS tp_count FROM tpt_article article LEFT JOIN tpt_category category ON article.tid=category.id LIMIT 1   [ RunTime:0.0003s ]
SQL: SELECT article.id AS id,article.title AS title,article.author AS author,article.view AS view,article.description AS description,article.keywords AS keywords,article.pic AS pic,article.commend AS commend,article.choice AS choice,article.time AS time,article.open AS open,category.name AS name,category.type AS type FROM tpt_article article LEFT JOIN tpt_category category ON article.tid=category.id WHERE article.open = 1 ORDER BY article.id DESC LIMIT 0,15   [ RunTime:0.0006s ]
INFO: [ view_parse ] --START--
INFO: [ template_filter ] --START--
INFO: Run Behavior\ContentReplaceBehavior [ RunTime:0.000163s ]
INFO: [ template_filter ] --END-- [ RunTime:0.000245s ]
NOTIC: [8] Undefined index: title D:\XAMPP\htdocs\phpText\Tpt-Blog1.1\Runtime\Cache\Home\aa448f930e00a2c77d5751c6f186e91a.php 第 23 行.
NOTIC: [8] Use of undefined constant commend - assumed 'commend' D:\XAMPP\htdocs\phpText\Tpt-Blog1.1\Runtime\Cache\Home\aa448f930e00a2c77d5751c6f186e91a.php 第 90 行.
NOTIC: [8] Use of undefined constant pic - assumed 'pic' D:\XAMPP\htdocs\phpText\Tpt-Blog1.1\Runtime\Cache\Home\aa448f930e00a2c77d5751c6f186e91a.php 第 95 行.
NOTIC: [8] Use of undefined constant commend - assumed 'commend' D:\XAMPP\htdocs\phpText\Tpt-Blog1.1\Runtime\Cache\Home\aa448f930e00a2c77d5751c6f186e91a.php 第 90 行.
NOTIC: [8] Use of undefined constant pic - assumed 'pic' D:\XAMPP\htdocs\phpText\Tpt-Blog1.1\Runtime\Cache\Home\aa448f930e00a2c77d5751c6f186e91a.php 第 95 行.
NOTIC: [8] Use of undefined constant pic - assumed 'pic' D:\XAMPP\htdocs\phpText\Tpt-Blog1.1\Runtime\Cache\Home\aa448f930e00a2c77d5751c6f186e91a.php 第 142 行.
NOTIC: [8] Use of undefined constant pic - assumed 'pic' D:\XAMPP\htdocs\phpText\Tpt-Blog1.1\Runtime\Cache\Home\aa448f930e00a2c77d5751c6f186e91a.php 第 142 行.
INFO: Run Behavior\ParseTemplateBehavior [ RunTime:0.155114s ]
INFO: [ view_parse ] --END-- [ RunTime:0.155161s ]
INFO: [ view_filter ] --START--
INFO: Run Behavior\WriteHtmlCacheBehavior [ RunTime:0.000492s ]
INFO: [ view_filter ] --END-- [ RunTime:0.000520s ]
INFO: [ app_end ] --START--
INFO: Run Behavior\ShowPageTraceBehavior [ RunTime:0.001017s ]
INFO: [ app_end ] --END-- [ RunTime:0.001057s ]

[ 2018-11-29T16:58:00+08:00 ] ::1 /phpText/Tpt-Blog1.1/index.php
INFO: [ app_init ] --START--
INFO: Run Behavior\BuildLiteBehavior [ RunTime:0.000015s ]
INFO: [ app_init ] --END-- [ RunTime:0.000688s ]
INFO: [ app_begin ] --START--
INFO: Run Behavior\ReadHtmlCacheBehavior [ RunTime:0.000942s ]
INFO: [ app_begin ] --END-- [ RunTime:0.000987s ]
SQL: SHOW COLUMNS FROM `tpt_navtop` [ RunTime:0.0176s ]
SQL: SELECT * FROM `tpt_navtop` WHERE ( tid = 0 ) ORDER BY sort ASC  [ RunTime:0.0004s ]
SQL: SELECT * FROM `tpt_navtop` WHERE ( tid != 0 ) ORDER BY sort ASC  [ RunTime:0.0005s ]
SQL: SHOW COLUMNS FROM `tpt_article` [ RunTime:0.0136s ]
SQL: SELECT * FROM `tpt_article` WHERE `commend` = 1 AND `open` = 1 ORDER BY id DESC LIMIT 3   [ RunTime:0.0004s ]
SQL: SELECT * FROM `tpt_article` WHERE `choice` = 1 AND `open` = 1 ORDER BY id DESC LIMIT 5   [ RunTime:0.0006s ]
SQL: SHOW COLUMNS FROM `tpt_links` [ RunTime:0.0137s ]
SQL: SELECT * FROM `tpt_links`  [ RunTime:0.0003s ]
SQL: SHOW COLUMNS FROM `tpt_conf` [ RunTime:0.0167s ]
SQL: SELECT * FROM `tpt_conf` WHERE `id` = 1 LIMIT 1   [ RunTime:0.0004s ]
SQL: SHOW COLUMNS FROM `tpt_banner` [ RunTime:0.0147s ]
SQL: SELECT * FROM `tpt_banner` WHERE `id` = 1 LIMIT 1   [ RunTime:0.0005s ]
SQL: SHOW COLUMNS FROM `tpt_article` [ RunTime:0.0070s ]
SQL: SHOW COLUMNS FROM `tpt_category` [ RunTime:0.0092s ]
SQL: SELECT COUNT(*) AS tp_count FROM tpt_article article LEFT JOIN tpt_category category ON article.tid=category.id LIMIT 1   [ RunTime:0.0006s ]
SQL: SELECT article.id AS id,article.title AS title,article.author AS author,article.view AS view,article.description AS description,article.keywords AS keywords,article.pic AS pic,article.commend AS commend,article.choice AS choice,article.time AS time,article.open AS open,category.name AS name,category.type AS type FROM tpt_article article LEFT JOIN tpt_category category ON article.tid=category.id WHERE article.open = 1 ORDER BY article.id DESC LIMIT 0,15   [ RunTime:0.0010s ]
INFO: [ view_parse ] --START--
INFO: [ template_filter ] --START--
INFO: Run Behavior\ContentReplaceBehavior [ RunTime:0.000088s ]
INFO: [ template_filter ] --END-- [ RunTime:0.000126s ]
NOTIC: [8] Undefined index: title D:\XAMPP\htdocs\phpText\Tpt-Blog1.1\Runtime\Cache\Home\aa448f930e00a2c77d5751c6f186e91a.php 第 23 行.
NOTIC: [8] Use of undefined constant commend - assumed 'commend' D:\XAMPP\htdocs\phpText\Tpt-Blog1.1\Runtime\Cache\Home\aa448f930e00a2c77d5751c6f186e91a.php 第 90 行.
NOTIC: [8] Use of undefined constant pic - assumed 'pic' D:\XAMPP\htdocs\phpText\Tpt-Blog1.1\Runtime\Cache\Home\aa448f930e00a2c77d5751c6f186e91a.php 第 95 行.
NOTIC: [8] Use of undefined constant commend - assumed 'commend' D:\XAMPP\htdocs\phpText\Tpt-Blog1.1\Runtime\Cache\Home\aa448f930e00a2c77d5751c6f186e91a.php 第 90 行.
NOTIC: [8] Use of undefined constant pic - assumed 'pic' D:\XAMPP\htdocs\phpText\Tpt-Blog1.1\Runtime\Cache\Home\aa448f930e00a2c77d5751c6f186e91a.php 第 95 行.
NOTIC: [8] Use of undefined constant pic - assumed 'pic' D:\XAMPP\htdocs\phpText\Tpt-Blog1.1\Runtime\Cache\Home\aa448f930e00a2c77d5751c6f186e91a.php 第 142 行.
NOTIC: [8] Use of undefined constant pic - assumed 'pic' D:\XAMPP\htdocs\phpText\Tpt-Blog1.1\Runtime\Cache\Home\aa448f930e00a2c77d5751c6f186e91a.php 第 142 行.
INFO: Run Behavior\ParseTemplateBehavior [ RunTime:0.151389s ]
INFO: [ view_parse ] --END-- [ RunTime:0.151450s ]
INFO: [ view_filter ] --START--
INFO: Run Behavior\WriteHtmlCacheBehavior [ RunTime:0.000721s ]
INFO: [ view_filter ] --END-- [ RunTime:0.000749s ]
INFO: [ app_end ] --START--
INFO: Run Behavior\ShowPageTraceBehavior [ RunTime:0.001038s ]
INFO: [ app_end ] --END-- [ RunTime:0.001076s ]

