[ 2018-11-27T17:07:02+08:00 ] ::1 /phpText/R%20staff%20management/layui/css/layui.css
INFO: [ app_init ] --START--
INFO: Run Behavior\BuildLiteBehavior [ RunTime:0.000009s ]
INFO: [ app_init ] --END-- [ RunTime:0.000900s ]
ERR: 无法加载模块:Layui

[ 2018-11-27T17:07:05+08:00 ] ::1 /phpText/R%20staff%20management/layui/css/layui.css
INFO: [ app_init ] --START--
INFO: Run Behavior\BuildLiteBehavior [ RunTime:0.000011s ]
INFO: [ app_init ] --END-- [ RunTime:0.000389s ]
ERR: 无法加载模块:Layui

[ 2018-11-27T17:07:12+08:00 ] ::1 /phpText/R%20staff%20management/layui/css/layui.css
INFO: [ app_init ] --START--
INFO: Run Behavior\BuildLiteBehavior [ RunTime:0.000024s ]
INFO: [ app_init ] --END-- [ RunTime:0.001143s ]
ERR: 无法加载模块:Layui

[ 2018-11-27T17:07:49+08:00 ] ::1 /phpText/R%20staff%20management/index.php/layui/css/layui.css
INFO: [ app_init ] --START--
INFO: Run Behavior\BuildLiteBehavior [ RunTime:0.000012s ]
INFO: [ app_init ] --END-- [ RunTime:0.000653s ]
ERR: 无法加载模块:Layui

[ 2018-11-27T19:42:59+08:00 ] ::1 /phpText/R%20staff%20management/App/Home/View/Add/__PUBLIC__/layui/css/layui.css
INFO: [ app_init ] --START--
INFO: Run Behavior\BuildLiteBehavior [ RunTime:0.000017s ]
INFO: [ app_init ] --END-- [ RunTime:0.000756s ]
ERR: 无法加载模块:App

[ 2018-11-27T19:42:59+08:00 ] ::1 /phpText/R%20staff%20management/App/Home/View/Add/__PUBLIC__/css/main.css
INFO: [ app_init ] --START--
INFO: Run Behavior\BuildLiteBehavior [ RunTime:0.000022s ]
INFO: [ app_init ] --END-- [ RunTime:0.000745s ]
ERR: 无法加载模块:App

[ 2018-11-27T19:42:59+08:00 ] ::1 /phpText/R%20staff%20management/App/Home/View/Add/__PUBLIC__/layui/layui.js
INFO: [ app_init ] --START--
INFO: Run Behavior\BuildLiteBehavior [ RunTime:0.000031s ]
INFO: [ app_init ] --END-- [ RunTime:0.000988s ]
ERR: 无法加载模块:App

