[ 2018-11-28T17:17:33+08:00 ] ::1 /phpText/R%20staff%20management/Public/layui-v2.4.5/layui/css/layui.css
INFO: [ app_init ] --START--
INFO: Run Behavior\BuildLiteBehavior [ RunTime:0.000016s ]
INFO: [ app_init ] --END-- [ RunTime:0.000639s ]
ERR: 无法加载模块:Public

[ 2018-11-28T17:17:33+08:00 ] ::1 /phpText/R%20staff%20management/Public/img/css/main.css
INFO: [ app_init ] --START--
INFO: Run Behavior\BuildLiteBehavior [ RunTime:0.000021s ]
INFO: [ app_init ] --END-- [ RunTime:0.000751s ]
ERR: 无法加载模块:Public

[ 2018-11-28T17:17:33+08:00 ] ::1 /phpText/R%20staff%20management/Public/layui-v2.4.5/layui/layui.js
INFO: [ app_init ] --START--
INFO: Run Behavior\BuildLiteBehavior [ RunTime:0.000031s ]
INFO: [ app_init ] --END-- [ RunTime:0.000903s ]
ERR: 无法加载模块:Public

[ 2018-11-28T17:17:33+08:00 ] ::1 /phpText/R%20staff%20management/Public/layui-v2.4.5/layui/layui.js
INFO: [ app_init ] --START--
INFO: Run Behavior\BuildLiteBehavior [ RunTime:0.000012s ]
INFO: [ app_init ] --END-- [ RunTime:0.000508s ]
ERR: 无法加载模块:Public

[ 2018-11-28T17:17:37+08:00 ] ::1 /phpText/R%20staff%20management/Public/layui-v2.4.5/layui/css/layui.css
INFO: [ app_init ] --START--
INFO: Run Behavior\BuildLiteBehavior [ RunTime:0.000020s ]
INFO: [ app_init ] --END-- [ RunTime:0.000629s ]
ERR: 无法加载模块:Public

[ 2018-11-28T17:17:37+08:00 ] ::1 /phpText/R%20staff%20management/Public/layui-v2.4.5/layui/layui.js
INFO: [ app_init ] --START--
INFO: Run Behavior\BuildLiteBehavior [ RunTime:0.000016s ]
INFO: [ app_init ] --END-- [ RunTime:0.000595s ]
ERR: 无法加载模块:Public

[ 2018-11-28T17:17:37+08:00 ] ::1 /phpText/R%20staff%20management/Public/img/css/main.css
INFO: [ app_init ] --START--
INFO: Run Behavior\BuildLiteBehavior [ RunTime:0.000018s ]
INFO: [ app_init ] --END-- [ RunTime:0.000808s ]
ERR: 无法加载模块:Public

[ 2018-11-28T17:17:37+08:00 ] ::1 /phpText/R%20staff%20management/Public/layui-v2.4.5/layui/layui.js
INFO: [ app_init ] --START--
INFO: Run Behavior\BuildLiteBehavior [ RunTime:0.000011s ]
INFO: [ app_init ] --END-- [ RunTime:0.000670s ]
ERR: 无法加载模块:Public

